0 info it worked if it ends with ok
1 verbose cli [ 'node', '/usr/local/bin/npm', 'install', '--g', 'grunt-exec' ]
2 info using npm@1.3.11
3 info using node@v0.10.19
4 verbose cache add [ 'grunt-exec', null ]
5 verbose cache add name=undefined spec="grunt-exec" args=["grunt-exec",null]
6 verbose parsed url { protocol: null,
6 verbose parsed url   slashes: null,
6 verbose parsed url   auth: null,
6 verbose parsed url   host: null,
6 verbose parsed url   port: null,
6 verbose parsed url   hostname: null,
6 verbose parsed url   hash: null,
6 verbose parsed url   search: null,
6 verbose parsed url   query: null,
6 verbose parsed url   pathname: 'grunt-exec',
6 verbose parsed url   path: 'grunt-exec',
6 verbose parsed url   href: 'grunt-exec' }
7 silly lockFile 3a47c75c-grunt-exec grunt-exec
8 verbose lock grunt-exec /Users/mrooze/.npm/3a47c75c-grunt-exec.lock
9 silly lockFile 3a47c75c-grunt-exec grunt-exec
10 silly lockFile 3a47c75c-grunt-exec grunt-exec
11 verbose addNamed [ 'grunt-exec', '' ]
12 verbose addNamed [ null, '*' ]
13 silly lockFile 422339f7-grunt-exec grunt-exec@
14 verbose lock grunt-exec@ /Users/mrooze/.npm/422339f7-grunt-exec.lock
15 silly addNameRange { name: 'grunt-exec', range: '*', hasData: false }
16 verbose url raw grunt-exec
17 verbose url resolving [ 'https://registry.npmjs.org/', './grunt-exec' ]
18 verbose url resolved https://registry.npmjs.org/grunt-exec
19 info trying registry request attempt 1 at 17:08:44
20 http GET https://registry.npmjs.org/grunt-exec
21 info retry will retry, error on last attempt: Error: connect ECONNREFUSED
22 info trying registry request attempt 2 at 17:08:54
23 http GET https://registry.npmjs.org/grunt-exec
24 info retry will retry, error on last attempt: Error: connect ECONNREFUSED
25 info trying registry request attempt 3 at 17:09:54
26 http GET https://registry.npmjs.org/grunt-exec
27 silly lockFile 422339f7-grunt-exec grunt-exec@
28 silly lockFile 422339f7-grunt-exec grunt-exec@
29 error Error: connect ECONNREFUSED
29 error     at errnoException (net.js:901:11)
29 error     at Object.afterConnect [as oncomplete] (net.js:892:19)
29 error  { [Error: connect ECONNREFUSED]
29 error   code: 'ECONNREFUSED',
29 error   errno: 'ECONNREFUSED',
29 error   syscall: 'connect' }
30 error If you are behind a proxy, please make sure that the
30 error 'proxy' config is set properly.  See: 'npm help config'
31 error System Darwin 13.0.0
32 error command "node" "/usr/local/bin/npm" "install" "--g" "grunt-exec"
33 error cwd /Users/mrooze/Desktop/portfolio_1
34 error node -v v0.10.19
35 error npm -v 1.3.11
36 error syscall connect
37 error code ECONNREFUSED
38 error errno ECONNREFUSED
39 error stack Error: connect ECONNREFUSED
39 error stack     at errnoException (net.js:901:11)
39 error stack     at Object.afterConnect [as oncomplete] (net.js:892:19)
40 verbose exit [ 1, true ]
